d:\code\faderoni\builds\visualstudio2017\x64\release\shared code\faderoni_sharedcode.pdb
d:\code\faderoni\builds\visualstudio2017\x64\release\shared code\plugineditor.obj
d:\code\faderoni\builds\visualstudio2017\x64\release\shared code\include_juce_audio_basics.obj
d:\code\faderoni\builds\visualstudio2017\x64\release\shared code\include_juce_audio_utils.obj
d:\code\faderoni\builds\visualstudio2017\x64\release\shared code\motuwebapi.obj
d:\code\faderoni\builds\visualstudio2017\x64\release\shared code\include_juce_core.obj
d:\code\faderoni\builds\visualstudio2017\x64\release\shared code\include_juce_audio_devices.obj
d:\code\faderoni\builds\visualstudio2017\x64\release\shared code\include_juce_events.obj
d:\code\faderoni\builds\visualstudio2017\x64\release\shared code\include_juce_data_structures.obj
d:\code\faderoni\builds\visualstudio2017\x64\release\shared code\include_juce_video.obj
d:\code\faderoni\builds\visualstudio2017\x64\release\shared code\pluginprocessor.obj
d:\code\faderoni\builds\visualstudio2017\x64\release\shared code\include_juce_cryptography.obj
d:\code\faderoni\builds\visualstudio2017\x64\release\shared code\include_juce_gui_extra.obj
d:\code\faderoni\builds\visualstudio2017\x64\release\shared code\include_juce_audio_plugin_client_utils.obj
d:\code\faderoni\builds\visualstudio2017\x64\release\shared code\include_juce_graphics.obj
d:\code\faderoni\builds\visualstudio2017\x64\release\shared code\include_juce_audio_formats.obj
d:\code\faderoni\builds\visualstudio2017\x64\release\shared code\include_juce_gui_basics.obj
d:\code\faderoni\builds\visualstudio2017\x64\release\shared code\include_juce_audio_processors.obj
d:\code\faderoni\builds\visualstudio2017\x64\release\shared code\include_juce_opengl.obj
d:\code\faderoni\builds\visualstudio2017\x64\release\shared code\faderoni.lib
d:\code\faderoni\builds\visualstudio2017\x64\release\shared code\faderoni.06076979.tlog\cl.command.1.tlog
d:\code\faderoni\builds\visualstudio2017\x64\release\shared code\faderoni.06076979.tlog\cl.read.1.tlog
d:\code\faderoni\builds\visualstudio2017\x64\release\shared code\faderoni.06076979.tlog\cl.write.1.tlog
d:\code\faderoni\builds\visualstudio2017\x64\release\shared code\faderoni.06076979.tlog\lib-link.read.1.tlog
d:\code\faderoni\builds\visualstudio2017\x64\release\shared code\faderoni.06076979.tlog\lib-link.write.1.tlog
d:\code\faderoni\builds\visualstudio2017\x64\release\shared code\faderoni.06076979.tlog\lib.command.1.tlog
